#
# There is insufficient memory for the Java Runtime Environment to continue.
# Native memory allocation (mmap) failed to map 536870912 bytes for G1 virtual space
# Possible reasons:
#   The system is out of physical RAM or swap space
#   The process is running with CompressedOops enabled, and the Java Heap may be blocking the growth of the native heap
# Possible solutions:
#   Reduce memory load on the system
#   Increase physical memory or swap space
#   Check if swap backing store is full
#   Decrease Java heap size (-Xmx/-Xms)
#   Decrease number of Java threads
#   Decrease Java thread stack sizes (-Xss)
#   Set larger code cache with -XX:ReservedCodeCacheSize=
#   JVM is running with Zero Based Compressed Oops mode in which the Java heap is
#     placed in the first 32GB address space. The Java Heap base address is the
#     maximum limit for the native heap growth. Please use -XX:HeapBaseMinAddress
#     to set the Java Heap base and to place the Java Heap above 32GB virtual address.
# This output file may be truncated or incomplete.
#
#  Out of Memory Error (os_windows.cpp:3613), pid=24736, tid=34744
#
# JRE version:  (17.0.9+9) (build )
# Java VM: OpenJDK 64-Bit Server VM (17.0.9+9, mixed mode, sharing, tiered, compressed oops, compressed class ptrs, g1 gc, windows-amd64)
# No core dump will be written. Minidumps are not enabled by default on client versions of Windows
#

---------------  S U M M A R Y ------------

Command Line: 

Host: Intel(R) Core(TM) i7-10700 CPU @ 2.90GHz, 16 cores, 31G,  Windows 10 , 64 bit Build 19041 (10.0.19041.5438)
Time: Wed Feb 19 16:51:48 2025  Windows 10 , 64 bit Build 19041 (10.0.19041.5438) elapsed time: 0.006755 seconds (0d 0h 0m 0s)

---------------  T H R E A D  ---------------

Current thread (0x0000017dd87cef40):  JavaThread "Unknown thread" [_thread_in_vm, id=34744, stack(0x00000025aa400000,0x00000025aa500000)]

Stack: [0x00000025aa400000,0x00000025aa500000]
Native frames: (J=compiled Java code, j=interpreted, Vv=VM code, C=native code)
V  [jvm.dll+0x67cf49]
V  [jvm.dll+0x83478a]
V  [jvm.dll+0x83624e]
V  [jvm.dll+0x8368b3]
V  [jvm.dll+0x247f1f]
V  [jvm.dll+0x679d69]
V  [jvm.dll+0x66e6ba]
V  [jvm.dll+0x307e5b]
V  [jvm.dll+0x30f306]
V  [jvm.dll+0x35f0ce]
V  [jvm.dll+0x35f2ff]
V  [jvm.dll+0x2dea58]
V  [jvm.dll+0x2df9c4]
V  [jvm.dll+0x806031]
V  [jvm.dll+0x36cf31]
V  [jvm.dll+0x7e4aac]
V  [jvm.dll+0x3f07af]
V  [jvm.dll+0x3f23e1]
C  [jli.dll+0x528f]
C  [ucrtbase.dll+0x21bb2]
C  [KERNEL32.DLL+0x17374]
C  [ntdll.dll+0x4cc91]


---------------  P R O C E S S  ---------------

Threads class SMR info:
_java_thread_list=0x00007ffa425eee98, length=0, elements={
}

Java Threads: ( => current thread )

Other Threads:
  0x0000017dd887bf00 GCTaskThread "GC Thread#0" [stack: 0x00000025aa500000,0x00000025aa600000] [id=6232]
  0x0000017dd888cd20 ConcurrentGCThread "G1 Main Marker" [stack: 0x00000025aa600000,0x00000025aa700000] [id=21020]
  0x0000017dd888dee0 ConcurrentGCThread "G1 Conc#0" [stack: 0x00000025aa700000,0x00000025aa800000] [id=34120]

[error occurred during error reporting (printing all threads), id 0xc0000005, EXCEPTION_ACCESS_VIOLATION (0xc0000005) at pc=0x00007ffa41daf497]

VM state: not at safepoint (not fully initialized)

VM Mutex/Monitor currently owned by a thread:  ([mutex/lock_event])
[0x0000017dd87c83e0] Heap_lock - owner thread: 0x0000017dd87cef40

Heap address: 0x0000000602400000, size: 8156 MB, Compressed Oops mode: Zero based, Oop shift amount: 3

CDS archive(s) mapped at: [0x0000000000000000-0x0000000000000000-0x0000000000000000), size 0, SharedBaseAddress: 0x0000000800000000, ArchiveRelocationMode: 1.
Narrow klass base: 0x0000000000000000, Narrow klass shift: 0, Narrow klass range: 0x0

GC Precious Log:
<Empty>

Heap:
 garbage-first heap   total 0K, used 0K [0x0000000602400000, 0x0000000800000000)
  region size 4096K, 0 young (0K), 0 survivors (0K)

[error occurred during error reporting (printing heap information), id 0xc0000005, EXCEPTION_ACCESS_VIOLATION (0xc0000005) at pc=0x00007ffa42196c79]

GC Heap History (0 events):
No events

Dll operation events (1 events):
Event: 0.004 Loaded shared library D:\Unity\6000.0.17f1c1\Editor\Data\PlaybackEngines\AndroidPlayer\OpenJDK\bin\java.dll

Deoptimization events (0 events):
No events

Classes unloaded (0 events):
No events

Classes redefined (0 events):
No events

Internal exceptions (0 events):
No events

VM Operations (0 events):
No events

Events (0 events):
No events


Dynamic libraries:
0x00007ff7b12c0000 - 0x00007ff7b12ce000 	D:\Unity\6000.0.17f1c1\Editor\Data\PlaybackEngines\AndroidPlayer\OpenJDK\bin\java.exe
0x00007ffa78db0000 - 0x00007ffa78fa8000 	C:\Windows\SYSTEM32\ntdll.dll
0x00007ffa78230000 - 0x00007ffa782f2000 	C:\Windows\System32\KERNEL32.DLL
0x00007ffa765b0000 - 0x00007ffa768af000 	C:\Windows\System32\KERNELBASE.dll
0x00007ffa76b40000 - 0x00007ffa76c40000 	C:\Windows\System32\ucrtbase.dll
0x00007ffa5b470000 - 0x00007ffa5b487000 	D:\Unity\6000.0.17f1c1\Editor\Data\PlaybackEngines\AndroidPlayer\OpenJDK\bin\jli.dll
0x00007ffa5b360000 - 0x00007ffa5b37b000 	D:\Unity\6000.0.17f1c1\Editor\Data\PlaybackEngines\AndroidPlayer\OpenJDK\bin\VCRUNTIME140.dll
0x00007ffa77f60000 - 0x00007ffa780fd000 	C:\Windows\System32\USER32.dll
0x00007ffa76b10000 - 0x00007ffa76b32000 	C:\Windows\System32\win32u.dll
0x00007ffa681f0000 - 0x00007ffa6848a000 	C:\Windows\WinSxS\amd64_microsoft.windows.common-controls_6595b64144ccf1df_6.0.19041.4355_none_60b8b9eb71f62e16\COMCTL32.dll
0x00007ffa77720000 - 0x00007ffa7774b000 	C:\Windows\System32\GDI32.dll
0x00007ffa77160000 - 0x00007ffa771fe000 	C:\Windows\System32\msvcrt.dll
0x00007ffa76c40000 - 0x00007ffa76d5a000 	C:\Windows\System32\gdi32full.dll
0x00007ffa76a70000 - 0x00007ffa76b0d000 	C:\Windows\System32\msvcp_win.dll
0x00007ffa78c70000 - 0x00007ffa78c9f000 	C:\Windows\System32\IMM32.DLL
0x00007ffa70760000 - 0x00007ffa7076c000 	D:\Unity\6000.0.17f1c1\Editor\Data\PlaybackEngines\AndroidPlayer\OpenJDK\bin\vcruntime140_1.dll
0x00007ffa44680000 - 0x00007ffa4470d000 	D:\Unity\6000.0.17f1c1\Editor\Data\PlaybackEngines\AndroidPlayer\OpenJDK\bin\msvcp140.dll
0x00007ffa41ac0000 - 0x00007ffa42721000 	D:\Unity\6000.0.17f1c1\Editor\Data\PlaybackEngines\AndroidPlayer\OpenJDK\bin\server\jvm.dll
0x00007ffa77670000 - 0x00007ffa7771f000 	C:\Windows\System32\ADVAPI32.dll
0x00007ffa77750000 - 0x00007ffa777ef000 	C:\Windows\System32\sechost.dll
0x00007ffa774e0000 - 0x00007ffa77603000 	C:\Windows\System32\RPCRT4.dll
0x00007ffa76940000 - 0x00007ffa76967000 	C:\Windows\System32\bcrypt.dll
0x00007ffa75990000 - 0x00007ffa759db000 	C:\Windows\SYSTEM32\POWRPROF.dll
0x00007ffa5c6d0000 - 0x00007ffa5c6d9000 	C:\Windows\SYSTEM32\WSOCK32.dll
0x00007ffa6dd80000 - 0x00007ffa6dda7000 	C:\Windows\SYSTEM32\WINMM.dll
0x00007ffa6feb0000 - 0x00007ffa6feba000 	C:\Windows\SYSTEM32\VERSION.dll
0x00007ffa78ba0000 - 0x00007ffa78c0b000 	C:\Windows\System32\WS2_32.dll
0x00007ffa75850000 - 0x00007ffa75862000 	C:\Windows\SYSTEM32\UMPDC.dll
0x00007ffa74cc0000 - 0x00007ffa74cd2000 	C:\Windows\SYSTEM32\kernel.appcore.dll
0x00007ffa70090000 - 0x00007ffa7009a000 	D:\Unity\6000.0.17f1c1\Editor\Data\PlaybackEngines\AndroidPlayer\OpenJDK\bin\jimage.dll
0x00007ffa74030000 - 0x00007ffa74214000 	C:\Windows\SYSTEM32\DBGHELP.DLL
0x00007ffa5a6f0000 - 0x00007ffa5a724000 	C:\Windows\SYSTEM32\dbgcore.DLL
0x00007ffa768b0000 - 0x00007ffa76932000 	C:\Windows\System32\bcryptPrimitives.dll
0x00007ffa45ea0000 - 0x00007ffa45ec5000 	D:\Unity\6000.0.17f1c1\Editor\Data\PlaybackEngines\AndroidPlayer\OpenJDK\bin\java.dll

dbghelp: loaded successfully - version: 4.0.5 - missing functions: none
symbol engine: initialized successfully - sym options: 0x614 - pdb path: .;D:\Unity\6000.0.17f1c1\Editor\Data\PlaybackEngines\AndroidPlayer\OpenJDK\bin;C:\Windows\SYSTEM32;C:\Windows\WinSxS\amd64_microsoft.windows.common-controls_6595b64144ccf1df_6.0.19041.4355_none_60b8b9eb71f62e16;D:\Unity\6000.0.17f1c1\Editor\Data\PlaybackEngines\AndroidPlayer\OpenJDK\bin\server

VM Arguments:
java_command: <unknown>
java_class_path (initial): <not set>
Launcher Type: SUN_STANDARD

[Global flags]
     intx CICompilerCount                          = 12                                        {product} {ergonomic}
     uint ConcGCThreads                            = 3                                         {product} {ergonomic}
     uint G1ConcRefinementThreads                  = 13                                        {product} {ergonomic}
   size_t G1HeapRegionSize                         = 4194304                                   {product} {ergonomic}
    uintx GCDrainStackTargetSize                   = 64                                        {product} {ergonomic}
   size_t InitialHeapSize                          = 536870912                                 {product} {ergonomic}
   size_t MarkStackSize                            = 4194304                                   {product} {ergonomic}
   size_t MaxHeapSize                              = 8552185856                                {product} {ergonomic}
   size_t MinHeapDeltaBytes                        = 4194304                                   {product} {ergonomic}
   size_t MinHeapSize                              = 8388608                                   {product} {ergonomic}
    uintx NonNMethodCodeHeapSize                   = 7602480                                {pd product} {ergonomic}
    uintx NonProfiledCodeHeapSize                  = 122027880                              {pd product} {ergonomic}
    uintx ProfiledCodeHeapSize                     = 122027880                              {pd product} {ergonomic}
    uintx ReservedCodeCacheSize                    = 251658240                              {pd product} {ergonomic}
     bool SegmentedCodeCache                       = true                                      {product} {ergonomic}
   size_t SoftMaxHeapSize                          = 8552185856                             {manageable} {ergonomic}
     bool UseCompressedClassPointers               = true                           {product lp64_product} {ergonomic}
     bool UseCompressedOops                        = true                           {product lp64_product} {ergonomic}
     bool UseG1GC                                  = true                                      {product} {ergonomic}
     bool UseLargePagesIndividualAllocation        = false                                  {pd product} {ergonomic}

Logging:
Log output configuration:
 #0: stdout all=warning uptime,level,tags
 #1: stderr all=off uptime,level,tags

Environment Variables:
JAVA_HOME=D:\Unity\6000.0.17f1c1\Editor\Data\PlaybackEngines\AndroidPlayer\OpenJDK
PATH=C:\Program Files\Common Files\Oracle\Java\javapath;C:\Windows\system32;C:\Windows;C:\Windows\System32\Wbem;C:\Windows\System32\WindowsPowerShell\v1.0\;C:\Windows\System32\OpenSSH\;C:\Program Files\dotnet\;D:\Program Files\SVN\bin;C:\Program Files\Microsoft SQL Server\150\Tools\Binn\;;C:\Program Files\Git\cmd;C:\Program Files (x86)\Windows Kits\10\Windows Performance Toolkit\;D:\Program Files (x86)\Tencent\微信web开发者工具\dll;D:\Program Files\Huawei QuickGameAssistant\bin;C:\Users\admin\AppData\Local\Programs\Python\Python313\Scripts\;C:\Users\admin\AppData\Local\Programs\Python\Python313\;C:\Users\admin\AppData\Local\Microsoft\WindowsApps;D:\Program Files\JetBrains\JetBrains Rider 2024.2.3\bin;;C:\Users\admin\.dotnet\tools;D:\Users\admin\AppData\Local\Programs\Microsoft VS Code\bin;C:\Users\admin\AppData\Local\GitHubDesktop\bin
USERNAME=admin
OS=Windows_NT
PROCESSOR_IDENTIFIER=Intel64 Family 6 Model 165 Stepping 5, GenuineIntel
TMP=C:\Users\admin\AppData\Local\Temp
TEMP=C:\Users\admin\AppData\Local\Temp



Periodic native trim disabled


---------------  S Y S T E M  ---------------

OS:
 Windows 10 , 64 bit Build 19041 (10.0.19041.5438)
OS uptime: 2 days 7:44 hours

CPU: total 16 (initial active 16) (8 cores per cpu, 2 threads per core) family 6 model 165 stepping 5 microcode 0xe2, cx8, cmov, fxsr, ht, mmx, 3dnowpref, sse, sse2, sse3, ssse3, sse4.1, sse4.2, popcnt, lzcnt, tsc, tscinvbit, avx, avx2, aes, erms, clmul, bmi1, bmi2, adx, fma, vzeroupper, clflush, clflushopt
Processor Information for all 16 processors :
  Max Mhz: 2904, Current Mhz: 2904, Mhz Limit: 2904

Memory: 4k page, system-wide physical 32621M (481M free)
TotalPageFile size 46891M (AvailPageFile size 149M)
current process WorkingSet (physical memory assigned to process): 11M, peak: 11M
current process commit charge ("private bytes"): 71M, peak: 583M

vm_info: OpenJDK 64-Bit Server VM (17.0.9+9) for windows-amd64 JRE (17.0.9+9), built on Oct 26 2023 14:01:42 by "admin" with MS VC++ 16.10 / 16.11 (VS2019)

END.
